<?xml version="1.0" encoding="UTF-8"?>
<!-- Generated by org.testng.reporters.JUnitXMLReporter -->
<testsuite hostname="DEVENDRAGUPTA" ignored="0" name="Test" tests="7" failures="0" timestamp="14 Oct 2019 01:20:03 GMT" time="19.989" errors="0">
  <testcase name="@BeforeMethod setup" time="19.785" classname="GoibiboTestScenerio.GoibiboDweb.GoibiboTestCases">
    <failure type="org.openqa.selenium.WebDriverException" message="chrome not reachable
  (Session info: chrome=75.0.3770.80)
Build info: version: &amp;apos;3.141.59&amp;apos;, revision: &amp;apos;e82be7d358&amp;apos;, time: &amp;apos;2018-11-14T08:17:03&amp;apos;
System info: host: &amp;apos;DEVENDRAGUPTA&amp;apos;, ip: &amp;apos;172.100.150.135&amp;apos;, os.name: &amp;apos;Windows 10&amp;apos;, os.arch: &amp;apos;amd64&amp;apos;, os.version: &amp;apos;10.0&amp;apos;, java.version: &amp;apos;1.8.0_211&amp;apos;
Driver info: org.openqa.selenium.chrome.ChromeDriver
Capabilities {acceptInsecureCerts: false, browserName: chrome, browserVersion: 75.0.3770.80, chrome: {chromedriverVersion: 75.0.3770.8 (681f24ea911fe7..., userDataDir: C:\Users\DEVEND~1.GUP\AppDa...}, goog:chromeOptions: {debuggerAddress: localhost:53076}, javascriptEnabled: true, networkConnectionEnabled: false, pageLoadStrategy: normal, platform: XP, platformName: XP, proxy: Proxy(), setWindowRect: true, strictFileInteractability: false, timeouts: {implicit: 0, pageLoad: 300000, script: 30000}, unhandledPromptBehavior: dismiss and notify}
Session ID: 4affc63b27c918e6e7153326d1955cef">
      <![CDATA[org.openqa.selenium.WebDriverException: chrome not reachable
  (Session info: chrome=75.0.3770.80)
Build info: version: '3.141.59', revision: 'e82be7d358', time: '2018-11-14T08:17:03'
System info: host: 'DEVENDRAGUPTA', ip: '172.100.150.135', os.name: 'Windows 10', os.arch: 'amd64', os.version: '10.0', java.version: '1.8.0_211'
Driver info: org.openqa.selenium.chrome.ChromeDriver
Capabilities {acceptInsecureCerts: false, browserName: chrome, browserVersion: 75.0.3770.80, chrome: {chromedriverVersion: 75.0.3770.8 (681f24ea911fe7..., userDataDir: C:\Users\DEVEND~1.GUP\AppDa...}, goog:chromeOptions: {debuggerAddress: localhost:53076}, javascriptEnabled: true, networkConnectionEnabled: false, pageLoadStrategy: normal, platform: XP, platformName: XP, proxy: Proxy(), setWindowRect: true, strictFileInteractability: false, timeouts: {implicit: 0, pageLoad: 300000, script: 30000}, unhandledPromptBehavior: dismiss and notify}
Session ID: 4affc63b27c918e6e7153326d1955cef
at org.openqa.selenium.remote.http.W3CHttpResponseCodec.createException(W3CHttpResponseCodec.java:187)
at org.openqa.selenium.remote.http.W3CHttpResponseCodec.decode(W3CHttpResponseCodec.java:122)
at org.openqa.selenium.remote.http.W3CHttpResponseCodec.decode(W3CHttpResponseCodec.java:49)
at org.openqa.selenium.remote.HttpCommandExecutor.execute(HttpCommandExecutor.java:158)
at org.openqa.selenium.remote.service.DriverCommandExecutor.execute(DriverCommandExecutor.java:83)
at org.openqa.selenium.remote.RemoteWebDriver.execute(RemoteWebDriver.java:552)
at org.openqa.selenium.remote.RemoteWebDriver.get(RemoteWebDriver.java:277)
at GoibiboTestScenerio.GoibiboDweb.GoibiboTestCases.setup(GoibiboTestCases.java:35)
... Removed 35 stack frames]]>
    </failure>
  </testcase> <!-- @BeforeMethod setup -->
  <testcase name="@AfterMethod teardown" time="0.0" classname="GoibiboTestScenerio.GoibiboDweb.GoibiboTestCases">
    <skipped/>
  </testcase> <!-- @AfterMethod teardown -->
  <testcase name="@BeforeMethod setup" time="0.0" classname="GoibiboTestScenerio.GoibiboDweb.GoibiboTestCases">
    <skipped/>
  </testcase> <!-- @BeforeMethod setup -->
  <testcase name="@AfterMethod teardown" time="0.0" classname="GoibiboTestScenerio.GoibiboDweb.GoibiboTestCases">
    <skipped/>
  </testcase> <!-- @AfterMethod teardown -->
  <testcase name="@BeforeMethod setup" time="0.0" classname="GoibiboTestScenerio.GoibiboDweb.GoibiboTestCases">
    <skipped/>
  </testcase> <!-- @BeforeMethod setup -->
  <testcase name="@AfterMethod teardown" time="0.0" classname="GoibiboTestScenerio.GoibiboDweb.GoibiboTestCases">
    <skipped/>
  </testcase> <!-- @AfterMethod teardown -->
  <testcase name="@BeforeMethod setup" time="0.0" classname="GoibiboTestScenerio.GoibiboDweb.GoibiboTestCases">
    <skipped/>
  </testcase> <!-- @BeforeMethod setup -->
  <testcase name="@AfterMethod teardown" time="0.0" classname="GoibiboTestScenerio.GoibiboDweb.GoibiboTestCases">
    <skipped/>
  </testcase> <!-- @AfterMethod teardown -->
  <testcase name="@BeforeMethod setup" time="0.0" classname="GoibiboTestScenerio.GoibiboDweb.GoibiboTestCases">
    <skipped/>
  </testcase> <!-- @BeforeMethod setup -->
  <testcase name="@AfterMethod teardown" time="0.0" classname="GoibiboTestScenerio.GoibiboDweb.GoibiboTestCases">
    <skipped/>
  </testcase> <!-- @AfterMethod teardown -->
  <testcase name="@BeforeMethod setup" time="0.0" classname="GoibiboTestScenerio.GoibiboDweb.GoibiboTestCases">
    <skipped/>
  </testcase> <!-- @BeforeMethod setup -->
  <testcase name="@AfterMethod teardown" time="0.0" classname="GoibiboTestScenerio.GoibiboDweb.GoibiboTestCases">
    <skipped/>
  </testcase> <!-- @AfterMethod teardown -->
  <testcase name="@BeforeMethod setup" time="0.0" classname="GoibiboTestScenerio.GoibiboDweb.GoibiboTestCases">
    <skipped/>
  </testcase> <!-- @BeforeMethod setup -->
  <testcase name="@AfterMethod teardown" time="0.0" classname="GoibiboTestScenerio.GoibiboDweb.GoibiboTestCases">
    <skipped/>
  </testcase> <!-- @AfterMethod teardown -->
  <testcase name="VerifySigninTest" time="0.0" classname="GoibiboTestScenerio.GoibiboDweb.GoibiboTestCases">
    <skipped/>
  </testcase> <!-- VerifySigninTest -->
  <testcase name="VerifyDomesticFlightTest" time="0.0" classname="GoibiboTestScenerio.GoibiboDweb.GoibiboTestCases">
    <skipped/>
  </testcase> <!-- VerifyDomesticFlightTest -->
  <testcase name="verifyDomHotelTest" time="0.0" classname="GoibiboTestScenerio.GoibiboDweb.GoibiboTestCases">
    <skipped/>
  </testcase> <!-- verifyDomHotelTest -->
  <testcase name="VerifyInternationalHotelTest" time="0.0" classname="GoibiboTestScenerio.GoibiboDweb.GoibiboTestCases">
    <skipped/>
  </testcase> <!-- VerifyInternationalHotelTest -->
  <testcase name="VerifyBusTest" time="0.0" classname="GoibiboTestScenerio.GoibiboDweb.GoibiboTestCases">
    <skipped/>
  </testcase> <!-- VerifyBusTest -->
  <testcase name="VerifyIRCTCTest" time="0.0" classname="GoibiboTestScenerio.GoibiboDweb.GoibiboTestCases">
    <skipped/>
  </testcase> <!-- VerifyIRCTCTest -->
  <testcase name="VerifyCarTest" time="0.0" classname="GoibiboTestScenerio.GoibiboDweb.GoibiboTestCases">
    <skipped/>
  </testcase> <!-- VerifyCarTest -->
</testsuite> <!-- Test -->
